[31Aug2024 19:01:56.579] [main/INFO] [cpw.mods.modlauncher.Launcher/MODLAUNCHER]: ModLauncher running: args [--launchTarget, forgeclientuserdev, --version, 21.0.167, --assetIndex, 17, --assetsDir, C:\\Users\\derex\\.gradle\\caches\\neoformruntime\\assets, --gameDir, ., --fml.neoForgeVersion, 21.0.167, --fml.fmlVersion, 4.0.23, --fml.mcVersion, 1.21, --fml.neoFormVersion, 20240613.152323]
[31Aug2024 19:01:56.582] [main/INFO] [cpw.mods.modlauncher.Launcher/MODLAUNCHER]: JVM identified as Oracle Corporation Java HotSpot(TM) 64-Bit Server VM 21.0.3+7-LTS-152
[31Aug2024 19:01:56.584] [main/INFO] [cpw.mods.modlauncher.Launcher/MODLAUNCHER]: ModLauncher 11.0.4+main.d2e20e43 starting: java version 21.0.3 by Oracle Corporation; OS Windows 10 arch amd64 version 10.0
[31Aug2024 19:01:56.725] [main/INFO] [net.neoforged.fml.loading.ImmediateWindowHandler/]: Loading ImmediateWindowProvider fmlearlywindow
[31Aug2024 19:01:56.949] [main/INFO] [EARLYDISPLAY/]: Trying GL version 4.6
[31Aug2024 19:01:57.361] [main/INFO] [EARLYDISPLAY/]: Requested GL version 4.6 got version 4.6
[31Aug2024 19:01:57.487] [main/INFO] [mixin/]: SpongePowered MIXIN Subsystem Version=0.8.6 Source=union:/C:/Users/derex/.gradle/caches/modules-2/files-2.1/net.fabricmc/sponge-mixin/0.14.0+mixin.0.8.6/c265173c84346e9e5d42a2384b2b02bd39a4a899/sponge-mixin-0.14.0+mixin.0.8.6.jar%23131!/ Service=ModLauncher Env=CLIENT
[31Aug2024 19:01:57.744] [pool-2-thread-1/INFO] [EARLYDISPLAY/]: GL info: NVIDIA GeForce RTX 3060 Laptop GPU/PCIe/SSE2 GL version 4.6.0 NVIDIA 555.99, NVIDIA Corporation
[31Aug2024 19:01:58.218] [main/INFO] [net.neoforged.fml.loading.moddiscovery.locators.JarInJarDependencyLocator/]: Found 1 dependencies adding them to mods collection
[31Aug2024 19:01:58.561] [main/INFO] [net.neoforged.fml.loading.FMLServiceProvider/CORE]: Loading coremod script-engine for [neoforge]
[31Aug2024 19:02:00.589] [main/INFO] [cpw.mods.modlauncher.LaunchServiceHandler/MODLAUNCHER]: Launching target 'forgeclientuserdev' with arguments [--version, 21.0.167, --gameDir, ., --assetsDir, C:\Users\derex\.gradle\caches\neoformruntime\assets, --assetIndex, 17]
[31Aug2024 19:02:02.322] [Datafixer Bootstrap/INFO] [com.mojang.datafixers.DataFixerBuilder/]: 229 Datafixer optimizations took 419 milliseconds
[31Aug2024 19:02:02.545] [pool-7-thread-1/INFO] [MixinExtras|Service/]: Initializing MixinExtras via com.llamalad7.mixinextras.service.MixinExtrasServiceImpl(version=0.3.5).
[31Aug2024 19:02:08.515] [main/WARN] [net.minecraft.commands.Commands/]: Ambiguity between arguments [teleport, location] and [teleport, destination] with inputs: [0.1 -0.5 .9, 0 0 0]
[31Aug2024 19:02:08.516] [main/WARN] [net.minecraft.commands.Commands/]: Ambiguity between arguments [teleport, location] and [teleport, targets] with inputs: [0.1 -0.5 .9, 0 0 0]
[31Aug2024 19:02:08.519] [main/WARN] [net.minecraft.commands.Commands/]: Ambiguity between arguments [teleport, destination] and [teleport, targets] with inputs: [Player, 0123, @e, dd12be42-52a9-4a91-a8a1-11c01849e498]
[31Aug2024 19:02:08.521] [main/WARN] [net.minecraft.commands.Commands/]: Ambiguity between arguments [teleport, targets] and [teleport, destination] with inputs: [Player, 0123, dd12be42-52a9-4a91-a8a1-11c01849e498]
[31Aug2024 19:02:08.522] [main/WARN] [net.minecraft.commands.Commands/]: Ambiguity between arguments [teleport, targets, location] and [teleport, targets, destination] with inputs: [0.1 -0.5 .9, 0 0 0]
[31Aug2024 19:02:08.662] [Render thread/WARN] [net.minecraft.server.packs.VanillaPackResourcesBuilder/]: Assets URL 'union:/C:/Users/derex/Documents/GitHub/LoudExplodeMod/build/moddev/artifacts/neoforge-21.0.167-minecraft-merged.jar%23183!/assets/.mcassetsroot' uses unexpected schema
[31Aug2024 19:02:08.663] [Render thread/WARN] [net.minecraft.server.packs.VanillaPackResourcesBuilder/]: Assets URL 'union:/C:/Users/derex/Documents/GitHub/LoudExplodeMod/build/moddev/artifacts/neoforge-21.0.167-minecraft-merged.jar%23183!/data/.mcassetsroot' uses unexpected schema
[31Aug2024 19:02:08.697] [Render thread/INFO] [com.mojang.authlib.yggdrasil.YggdrasilAuthenticationService/]: Environment: Environment[sessionHost=https://sessionserver.mojang.com, servicesHost=https://api.minecraftservices.com, name=PROD]
[31Aug2024 19:02:08.707] [Render thread/INFO] [net.minecraft.client.Minecraft/]: Setting user: Dev
[31Aug2024 19:02:08.793] [Render thread/INFO] [net.minecraft.client.Minecraft/]: Backend library: LWJGL version 3.3.3+5
[31Aug2024 19:02:09.178] [modloading-worker-0/INFO] [net.neoforged.neoforge.common.NeoForgeMod/NEOFORGE-MOD]: NeoForge mod loading, version 21.0.167, for MC 1.21
[31Aug2024 19:02:09.882] [Render thread/INFO] [net.neoforged.neoforge.gametest.GameTestHooks/]: Enabled Gametest Namespaces: [loudexplodemod]
[31Aug2024 19:02:09.975] [Render thread/INFO] [net.minecraft.server.packs.resources.ReloadableResourceManager/]: Reloading ResourceManager: vanilla, mod_resources, mod/loudexplodemod, mod/neoforge
[31Aug2024 19:02:09.986] [Worker-Main-1/INFO] [io.github.derec4.loudexplodemod.Loudexplodemod/]: HELLO FROM COMMON SETUP
[31Aug2024 19:02:09.987] [Worker-Main-1/INFO] [io.github.derec4.loudexplodemod.Loudexplodemod/]: DIRT BLOCK >> minecraft:dirt
[31Aug2024 19:02:09.987] [Worker-Main-1/INFO] [io.github.derec4.loudexplodemod.Loudexplodemod/]: The magic number is... 42
[31Aug2024 19:02:09.987] [Worker-Main-1/INFO] [io.github.derec4.loudexplodemod.Loudexplodemod/]: ITEM >> minecraft:iron_ingot
[31Aug2024 19:02:10.100] [Worker-Main-13/INFO] [net.minecraft.client.gui.font.providers.UnihexProvider/]: Found unifont_all_no_pua-15.1.05.hex, loading
[31Aug2024 19:02:10.100] [Worker-Main-9/INFO] [net.minecraft.client.gui.font.providers.UnihexProvider/]: Found unifont_jp_patch-15.1.05.hex, loading
[31Aug2024 19:02:10.167] [Worker-Main-7/INFO] [io.github.derec4.loudexplodemod.Loudexplodemod/]: HELLO FROM CLIENT SETUP
[31Aug2024 19:02:10.168] [Worker-Main-7/INFO] [io.github.derec4.loudexplodemod.Loudexplodemod/]: MINECRAFT NAME >> Dev
[31Aug2024 19:02:11.160] [Worker-Main-4/WARN] [net.minecraft.client.resources.model.BlockStateModelLoader/]: Exception loading blockstate definition: 'loudexplodemod:blockstates/example_block.json' missing model for variant: 'loudexplodemod:example_block#'
[31Aug2024 19:02:11.167] [Worker-Main-4/WARN] [net.minecraft.client.resources.model.ModelBakery/]: Unable to load model: 'loudexplodemod:item/example_item' referenced from: loudexplodemod:item/example_item: java.io.FileNotFoundException: loudexplodemod:models/item/example_item.json
[31Aug2024 19:02:11.171] [Worker-Main-4/WARN] [net.minecraft.client.resources.model.ModelBakery/]: Unable to load model: 'loudexplodemod:item/example_block' referenced from: loudexplodemod:item/example_block: java.io.FileNotFoundException: loudexplodemod:models/item/example_block.json
[31Aug2024 19:02:12.013] [Render thread/WARN] [net.minecraft.client.sounds.SoundEngine/]: Missing sound for event: minecraft:item.goat_horn.play
[31Aug2024 19:02:12.014] [Render thread/WARN] [net.minecraft.client.sounds.SoundEngine/]: Missing sound for event: minecraft:entity.goat.screaming.horn_break
[31Aug2024 19:02:12.632] [Render thread/INFO] [com.mojang.blaze3d.audio.Library/]: OpenAL initialized on device OpenAL Soft on Speakers (Realtek(R) Audio)
[31Aug2024 19:02:12.634] [Render thread/INFO] [net.minecraft.client.sounds.SoundEngine/SOUNDS]: Sound engine started
[31Aug2024 19:02:12.779] [Render thread/INFO] [net.minecraft.client.renderer.texture.TextureAtlas/]: Created: 1024x512x4 minecraft:textures/atlas/blocks.png-atlas
[31Aug2024 19:02:12.788] [Render thread/INFO] [net.minecraft.client.renderer.texture.TextureAtlas/]: Created: 256x256x4 minecraft:textures/atlas/signs.png-atlas
[31Aug2024 19:02:12.788] [Render thread/INFO] [net.minecraft.client.renderer.texture.TextureAtlas/]: Created: 512x512x4 minecraft:textures/atlas/shield_patterns.png-atlas
[31Aug2024 19:02:12.789] [Render thread/INFO] [net.minecraft.client.renderer.texture.TextureAtlas/]: Created: 512x512x4 minecraft:textures/atlas/banner_patterns.png-atlas
[31Aug2024 19:02:12.790] [Render thread/INFO] [net.minecraft.client.renderer.texture.TextureAtlas/]: Created: 1024x1024x4 minecraft:textures/atlas/armor_trims.png-atlas
[31Aug2024 19:02:12.794] [Render thread/INFO] [net.minecraft.client.renderer.texture.TextureAtlas/]: Created: 256x256x4 minecraft:textures/atlas/chest.png-atlas
[31Aug2024 19:02:12.794] [Render thread/INFO] [net.minecraft.client.renderer.texture.TextureAtlas/]: Created: 128x64x4 minecraft:textures/atlas/decorated_pot.png-atlas
[31Aug2024 19:02:12.794] [Render thread/INFO] [net.minecraft.client.renderer.texture.TextureAtlas/]: Created: 512x256x4 minecraft:textures/atlas/beds.png-atlas
[31Aug2024 19:02:12.795] [Render thread/INFO] [net.minecraft.client.renderer.texture.TextureAtlas/]: Created: 512x256x4 minecraft:textures/atlas/shulker_boxes.png-atlas
[31Aug2024 19:02:13.018] [Render thread/INFO] [net.minecraft.client.renderer.texture.TextureAtlas/]: Created: 512x256x0 minecraft:textures/atlas/particles.png-atlas
[31Aug2024 19:02:13.019] [Render thread/INFO] [net.minecraft.client.renderer.texture.TextureAtlas/]: Created: 512x256x0 minecraft:textures/atlas/paintings.png-atlas
[31Aug2024 19:02:13.020] [Render thread/INFO] [net.minecraft.client.renderer.texture.TextureAtlas/]: Created: 256x128x0 minecraft:textures/atlas/mob_effects.png-atlas
[31Aug2024 19:02:13.020] [Render thread/INFO] [net.minecraft.client.renderer.texture.TextureAtlas/]: Created: 64x64x0 minecraft:textures/atlas/map_decorations.png-atlas
[31Aug2024 19:02:13.021] [Render thread/INFO] [net.minecraft.client.renderer.texture.TextureAtlas/]: Created: 1024x512x0 minecraft:textures/atlas/gui.png-atlas
[31Aug2024 19:02:13.053] [Render thread/WARN] [net.minecraft.client.renderer.ShaderInstance/]: Shader rendertype_entity_translucent_emissive could not find sampler named Sampler2 in the specified shader program.
[31Aug2024 19:02:57.515] [Render thread/INFO] [net.minecraft.world.item.crafting.RecipeManager/]: Loaded 1290 recipes
[31Aug2024 19:02:57.646] [Render thread/INFO] [net.minecraft.advancements.AdvancementTree/]: Loaded 1399 advancements
[31Aug2024 19:02:58.097] [Server thread/INFO] [net.minecraft.client.server.IntegratedServer/]: Starting integrated minecraft server version 1.21
[31Aug2024 19:02:58.097] [Server thread/INFO] [net.minecraft.server.MinecraftServer/]: Generating keypair
[31Aug2024 19:02:59.119] [Server thread/INFO] [net.minecraft.server.MinecraftServer/]: Preparing start region for dimension minecraft:overworld
[31Aug2024 19:02:59.359] [progressListener/INFO] [net.minecraft.server.level.progress.LoggerChunkProgressListener/]: Preparing spawn area: 0%
[31Aug2024 19:02:59.433] [Server thread/INFO] [net.neoforged.neoforge.server.permission.PermissionAPI/]: Successfully initialized permission handler neoforge:default_handler
[31Aug2024 19:02:59.433] [Server thread/INFO] [io.github.derec4.loudexplodemod.Loudexplodemod/]: HELLO from server starting
[31Aug2024 19:02:59.438] [progressListener/INFO] [net.minecraft.server.level.progress.LoggerChunkProgressListener/]: Time elapsed: 306 ms
[31Aug2024 19:02:59.528] [Server thread/INFO] [net.minecraft.client.server.IntegratedServer/]: Changing view distance to 12, from 10
[31Aug2024 19:02:59.528] [Server thread/INFO] [net.minecraft.client.server.IntegratedServer/]: Changing simulation distance to 12, from 0
[31Aug2024 19:03:00.284] [Server thread/INFO] [net.minecraft.server.players.PlayerList/]: Dev[local:E:c8cf6ed8] logged in with entity id 43 at (69.91545977560166, 63.39385764970379, 131.18424961678392)
[31Aug2024 19:03:00.343] [Server thread/INFO] [net.minecraft.server.MinecraftServer/]: Dev joined the game
[31Aug2024 19:03:00.518] [Render thread/INFO] [net.minecraft.advancements.AdvancementTree/]: Loaded 2 advancements
[31Aug2024 19:03:01.012] [Server thread/INFO] [net.minecraft.client.server.IntegratedServer/]: Saving and pausing game...
[31Aug2024 19:03:01.045] [Server thread/INFO] [net.minecraft.server.MinecraftServer/]: Saving chunks for level 'ServerLevel[New World]'/minecraft:overworld
[31Aug2024 19:03:01.085] [Server thread/INFO] [net.minecraft.server.MinecraftServer/]: Saving chunks for level 'ServerLevel[New World]'/minecraft:the_end
[31Aug2024 19:03:01.114] [Server thread/INFO] [net.minecraft.server.MinecraftServer/]: Saving chunks for level 'ServerLevel[New World]'/minecraft:the_nether
[31Aug2024 19:03:30.536] [Server thread/INFO] [net.minecraft.client.server.IntegratedServer/]: Saving and pausing game...
[31Aug2024 19:03:30.547] [Server thread/INFO] [net.minecraft.server.MinecraftServer/]: Saving chunks for level 'ServerLevel[New World]'/minecraft:overworld
[31Aug2024 19:03:30.568] [Server thread/INFO] [net.minecraft.server.MinecraftServer/]: Saving chunks for level 'ServerLevel[New World]'/minecraft:the_end
[31Aug2024 19:03:30.581] [Server thread/INFO] [net.minecraft.server.MinecraftServer/]: Saving chunks for level 'ServerLevel[New World]'/minecraft:the_nether
[31Aug2024 19:03:31.242] [Server thread/INFO] [net.minecraft.server.network.ServerGamePacketListenerImpl/]: Dev lost connection: Disconnected
[31Aug2024 19:03:31.243] [Server thread/INFO] [net.minecraft.server.MinecraftServer/]: Dev left the game
[31Aug2024 19:03:31.255] [Server thread/INFO] [net.minecraft.server.network.ServerCommonPacketListenerImpl/]: Stopping singleplayer server as player logged out
[31Aug2024 19:03:31.288] [Server thread/INFO] [net.minecraft.server.MinecraftServer/]: Stopping server
[31Aug2024 19:03:31.288] [Server thread/INFO] [net.minecraft.server.MinecraftServer/]: Saving players
[31Aug2024 19:03:31.289] [Server thread/INFO] [net.minecraft.server.MinecraftServer/]: Saving worlds
[31Aug2024 19:03:31.479] [Server thread/INFO] [net.minecraft.server.MinecraftServer/]: Saving chunks for level 'ServerLevel[New World]'/minecraft:overworld
[31Aug2024 19:03:31.599] [Server thread/INFO] [net.minecraft.server.MinecraftServer/]: Saving chunks for level 'ServerLevel[New World]'/minecraft:the_end
[31Aug2024 19:03:31.606] [Server thread/INFO] [net.minecraft.server.MinecraftServer/]: Saving chunks for level 'ServerLevel[New World]'/minecraft:the_nether
[31Aug2024 19:03:31.634] [Server thread/INFO] [net.minecraft.server.MinecraftServer/]: ThreadedAnvilChunkStorage (New World): All chunks are saved
[31Aug2024 19:03:31.634] [Server thread/INFO] [net.minecraft.server.MinecraftServer/]: ThreadedAnvilChunkStorage (DIM1): All chunks are saved
[31Aug2024 19:03:31.634] [Server thread/INFO] [net.minecraft.server.MinecraftServer/]: ThreadedAnvilChunkStorage (DIM-1): All chunks are saved
[31Aug2024 19:03:31.634] [Server thread/INFO] [net.minecraft.server.MinecraftServer/]: ThreadedAnvilChunkStorage: All dimensions are saved
[31Aug2024 19:03:32.410] [Render thread/INFO] [net.minecraft.client.Minecraft/]: Stopping!
